0 info it worked if it ends with ok
1 verbose cli [ 'node',
1 verbose cli   '/usr/local/lib/node_modules/cnpm/node_modules/.bin/npm',
1 verbose cli   '--userconfig=/Users/liulisui028/.cnpmrc',
1 verbose cli   '--disturl=https://npm.taobao.org/mirrors/node',
1 verbose cli   '--cache=/Users/liulisui028/.cnpm',
1 verbose cli   '--registry=https://registry.npm.taobao.org',
1 verbose cli   '--node-gyp=/usr/local/lib/node_modules/cnpm/node_modules/pangyp/bin/node-gyp.js',
1 verbose cli   'install',
1 verbose cli   '-g',
1 verbose cli   'grunt' ]
2 info using npm@2.13.3
3 info using node@v0.12.7
4 verbose install initial load of /usr/local/lib/package.json
5 verbose readDependencies loading dependencies from /usr/local/lib/package.json
6 silly cache add args [ 'grunt', null ]
7 verbose cache add spec grunt
8 silly cache add parsed spec { raw: 'grunt',
8 silly cache add   scope: null,
8 silly cache add   name: 'grunt',
8 silly cache add   rawSpec: '',
8 silly cache add   spec: '*',
8 silly cache add   type: 'range' }
9 silly addNamed grunt@*
10 verbose addNamed "*" is a valid semver range for grunt
11 silly addNameRange { name: 'grunt', range: '*', hasData: false }
12 silly mapToRegistry name grunt
13 silly mapToRegistry using default registry
14 silly mapToRegistry registry https://registry.npm.taobao.org/
15 silly mapToRegistry uri https://registry.npm.taobao.org/grunt
16 verbose addNameRange registry:https://registry.npm.taobao.org/grunt not in flight; fetching
17 verbose request uri https://registry.npm.taobao.org/grunt
18 verbose request no auth needed
19 info attempt registry request try #1 at 15:10:50
20 verbose request id 142bcadff4065643
21 http request GET https://registry.npm.taobao.org/grunt
22 http 200 https://registry.npm.taobao.org/grunt
23 silly get cb [ 200,
23 silly get   { server: 'nginx/1.1.19',
23 silly get     date: 'Mon, 24 Aug 2015 07:10:51 GMT',
23 silly get     'content-type': 'application/json; charset=utf-8',
23 silly get     'transfer-encoding': 'chunked',
23 silly get     connection: 'keep-alive',
23 silly get     etag: '"1425590912000"',
23 silly get     'x-readtime': '60',
23 silly get     'content-encoding': 'gzip' } ]
24 verbose get saving grunt to /Users/liulisui028/.cnpm/registry.npm.taobao.org/grunt/.cache.json
25 silly addNameRange number 2 { name: 'grunt', range: '*', hasData: true }
26 silly addNameRange versions [ 'grunt',
26 silly addNameRange   [ '0.4.5',
26 silly addNameRange     '0.4.4',
26 silly addNameRange     '0.4.3',
26 silly addNameRange     '0.4.2',
26 silly addNameRange     '0.4.1',
26 silly addNameRange     '0.4.0',
26 silly addNameRange     '0.3.17',
26 silly addNameRange     '0.3.16',
26 silly addNameRange     '0.3.15',
26 silly addNameRange     '0.3.14',
26 silly addNameRange     '0.3.13',
26 silly addNameRange     '0.3.12',
26 silly addNameRange     '0.3.11',
26 silly addNameRange     '0.3.10',
26 silly addNameRange     '0.3.9',
26 silly addNameRange     '0.3.8',
26 silly addNameRange     '0.3.7',
26 silly addNameRange     '0.3.6',
26 silly addNameRange     '0.3.5',
26 silly addNameRange     '0.3.4',
26 silly addNameRange     '0.3.3',
26 silly addNameRange     '0.3.2',
26 silly addNameRange     '0.3.1',
26 silly addNameRange     '0.3.0',
26 silly addNameRange     '0.2.15',
26 silly addNameRange     '0.2.14',
26 silly addNameRange     '0.2.13',
26 silly addNameRange     '0.2.12',
26 silly addNameRange     '0.2.11',
26 silly addNameRange     '0.2.10',
26 silly addNameRange     '0.2.9',
26 silly addNameRange     '0.2.8',
26 silly addNameRange     '0.2.7',
26 silly addNameRange     '0.2.6',
26 silly addNameRange     '0.2.5',
26 silly addNameRange     '0.2.4',
26 silly addNameRange     '0.2.3',
26 silly addNameRange     '0.2.2',
26 silly addNameRange     '0.2.1',
26 silly addNameRange     '0.2.0',
26 silly addNameRange     '0.1.2',
26 silly addNameRange     '0.1.1',
26 silly addNameRange     '0.1.0' ] ]
27 silly addNamed grunt@0.4.5
28 verbose addNamed "0.4.5" is a plain semver version for grunt
29 silly mapToRegistry name grunt
30 silly mapToRegistry using default registry
31 silly mapToRegistry registry https://registry.npm.taobao.org/
32 silly mapToRegistry uri https://registry.npm.taobao.org/grunt
33 verbose addRemoteTarball https://registry.npm.taobao.org/grunt/download/grunt-0.4.5.tgz not in flight; adding
34 verbose addRemoteTarball [ 'https://registry.npm.taobao.org/grunt/download/grunt-0.4.5.tgz',
34 verbose addRemoteTarball   '56937cd5194324adff6d207631832a9d6ba4e7f0' ]
35 info retry fetch attempt 1 at 15:10:51
36 info attempt registry request try #1 at 15:10:51
37 http fetch GET https://registry.npm.taobao.org/grunt/download/grunt-0.4.5.tgz
38 http fetch 200 https://registry.npm.taobao.org/grunt/download/grunt-0.4.5.tgz
39 silly fetchAndShaCheck shasum 56937cd5194324adff6d207631832a9d6ba4e7f0
40 verbose addTmpTarball /var/folders/32/tjswjp552450p32cjc6qr85c0000gn/T/npm-506-6b40f2f9/registry.npm.taobao.org/grunt/download/grunt-0.4.5.tgz not in flight; adding
41 verbose addTmpTarball already have metadata; skipping unpack for grunt@0.4.5
42 silly cache afterAdd grunt@0.4.5
43 verbose afterAdd /Users/liulisui028/.cnpm/grunt/0.4.5/package/package.json not in flight; writing
44 verbose afterAdd /Users/liulisui028/.cnpm/grunt/0.4.5/package/package.json written
45 silly install resolved [ { name: 'grunt',
45 silly install resolved     description: 'The JavaScript Task Runner',
45 silly install resolved     version: '0.4.5',
45 silly install resolved     author: { name: '"Cowboy" Ben Alman', url: 'http://benalman.com/' },
45 silly install resolved     homepage: 'http://gruntjs.com/',
45 silly install resolved     repository: { type: 'git', url: 'git://github.com/gruntjs/grunt.git' },
45 silly install resolved     bugs: { url: 'http://github.com/gruntjs/grunt/issues' },
45 silly install resolved     licenses: [ [Object] ],
45 silly install resolved     main: 'lib/grunt',
45 silly install resolved     scripts: { test: 'grunt test' },
45 silly install resolved     engines: { node: '>= 0.8.0' },
45 silly install resolved     keywords:
45 silly install resolved      [ 'task',
45 silly install resolved        'async',
45 silly install resolved        'cli',
45 silly install resolved        'minify',
45 silly install resolved        'uglify',
45 silly install resolved        'build',
45 silly install resolved        'lodash',
45 silly install resolved        'unit',
45 silly install resolved        'test',
45 silly install resolved        'qunit',
45 silly install resolved        'nodeunit',
45 silly install resolved        'server',
45 silly install resolved        'init',
45 silly install resolved        'scaffold',
45 silly install resolved        'make',
45 silly install resolved        'jake',
45 silly install resolved        'tool' ],
45 silly install resolved     dependencies:
45 silly install resolved      { async: '~0.1.22',
45 silly install resolved        'coffee-script': '~1.3.3',
45 silly install resolved        colors: '~0.6.2',
45 silly install resolved        dateformat: '1.0.2-1.2.3',
45 silly install resolved        eventemitter2: '~0.4.13',
45 silly install resolved        'findup-sync': '~0.1.2',
45 silly install resolved        glob: '~3.1.21',
45 silly install resolved        hooker: '~0.2.3',
45 silly install resolved        'iconv-lite': '~0.2.11',
45 silly install resolved        minimatch: '~0.2.12',
45 silly install resolved        nopt: '~1.0.10',
45 silly install resolved        rimraf: '~2.2.8',
45 silly install resolved        lodash: '~0.9.2',
45 silly install resolved        'underscore.string': '~2.2.1',
45 silly install resolved        which: '~1.0.5',
45 silly install resolved        'js-yaml': '~2.0.5',
45 silly install resolved        exit: '~0.1.1',
45 silly install resolved        getobject: '~0.1.0',
45 silly install resolved        'grunt-legacy-util': '~0.2.0',
45 silly install resolved        'grunt-legacy-log': '~0.1.0' },
45 silly install resolved     devDependencies:
45 silly install resolved      { temporary: '~0.0.4',
45 silly install resolved        'grunt-contrib-jshint': '~0.6.4',
45 silly install resolved        'grunt-contrib-nodeunit': '~0.2.0',
45 silly install resolved        'grunt-contrib-watch': '~0.5.3',
45 silly install resolved        difflet: '~0.2.3',
45 silly install resolved        semver: '2.1.0',
45 silly install resolved        shelljs: '~0.2.5' },
45 silly install resolved     _id: 'grunt@0.4.5',
45 silly install resolved     dist:
45 silly install resolved      { shasum: '56937cd5194324adff6d207631832a9d6ba4e7f0',
45 silly install resolved        size: 22992,
45 silly install resolved        noattachment: false,
45 silly install resolved        tarball: 'http://registry.npm.taobao.org/grunt/download/grunt-0.4.5.tgz' },
45 silly install resolved     _from: 'grunt@*',
45 silly install resolved     _npmVersion: '1.4.4',
45 silly install resolved     _npmUser: { name: 'cowboy', email: 'cowboy@rj3.net' },
45 silly install resolved     maintainers: [ [Object], [Object] ],
45 silly install resolved     directories: {},
45 silly install resolved     publish_time: 1399916709046,
45 silly install resolved     _cnpm_publish_time: 1399916709046,
45 silly install resolved     _shasum: '56937cd5194324adff6d207631832a9d6ba4e7f0',
45 silly install resolved     _resolved: 'https://registry.npm.taobao.org/grunt/download/grunt-0.4.5.tgz' } ]
46 info install grunt@0.4.5 into /usr/local/lib
47 info installOne grunt@0.4.5
48 verbose installOne of grunt to /usr/local/lib not in flight; installing
49 verbose lock using /Users/liulisui028/.cnpm/_locks/grunt-3732043049c4c2bf.lock for /usr/local/lib/node_modules/grunt
50 silly install write writing grunt 0.4.5 to /usr/local/lib/node_modules/grunt
51 verbose unbuild lib/node_modules/grunt
52 silly gentlyRm /usr/local/lib/node_modules/grunt is being purged from base /usr/local
53 verbose gentlyRm don't care about contents; nuking /usr/local/lib/node_modules/grunt
54 verbose tar unpack /Users/liulisui028/.cnpm/grunt/0.4.5/package.tgz
55 verbose tar unpacking to /usr/local/lib/node_modules/grunt
56 silly gentlyRm /usr/local/lib/node_modules/grunt is being purged
57 verbose gentlyRm don't care about contents; nuking /usr/local/lib/node_modules/grunt
58 silly gunzTarPerm modes [ '755', '644' ]
59 error tar.unpack untar error /Users/liulisui028/.cnpm/grunt/0.4.5/package.tgz
60 verbose unlock done using /Users/liulisui028/.cnpm/_locks/grunt-3732043049c4c2bf.lock for /usr/local/lib/node_modules/grunt
61 verbose fstream_path /usr/local/lib/node_modules/grunt
62 verbose fstream_type Directory
63 verbose fstream_class DirWriter
64 verbose stack Error: EACCES, mkdir '/usr/local/lib/node_modules/grunt'
64 verbose stack     at Error (native)
65 verbose fstream_stack /usr/local/lib/node_modules/cnpm/node_modules/npm/node_modules/fstream/lib/dir-writer.js:35:25
65 verbose fstream_stack /usr/local/lib/node_modules/cnpm/node_modules/npm/node_modules/mkdirp/index.js:47:53
65 verbose fstream_stack FSReqWrap.oncomplete (fs.js:95:15)
66 verbose cwd /Users/liulisui028/project
67 error Darwin 14.5.0
68 error argv "node" "/usr/local/lib/node_modules/cnpm/node_modules/.bin/npm" "--userconfig=/Users/liulisui028/.cnpmrc" "--disturl=https://npm.taobao.org/mirrors/node" "--cache=/Users/liulisui028/.cnpm" "--registry=https://registry.npm.taobao.org" "--node-gyp=/usr/local/lib/node_modules/cnpm/node_modules/pangyp/bin/node-gyp.js" "install" "-g" "grunt"
69 error node v0.12.7
70 error npm  v2.13.3
71 error path /usr/local/lib/node_modules/grunt
72 error code EACCES
73 error errno -13
74 error Error: EACCES, mkdir '/usr/local/lib/node_modules/grunt'
74 error     at Error (native)
74 error  { [Error: EACCES, mkdir '/usr/local/lib/node_modules/grunt']
74 error   errno: -13,
74 error   code: 'EACCES',
74 error   path: '/usr/local/lib/node_modules/grunt',
74 error   fstream_type: 'Directory',
74 error   fstream_path: '/usr/local/lib/node_modules/grunt',
74 error   fstream_class: 'DirWriter',
74 error   fstream_stack:
74 error    [ '/usr/local/lib/node_modules/cnpm/node_modules/npm/node_modules/fstream/lib/dir-writer.js:35:25',
74 error      '/usr/local/lib/node_modules/cnpm/node_modules/npm/node_modules/mkdirp/index.js:47:53',
74 error      'FSReqWrap.oncomplete (fs.js:95:15)' ] }
75 error Please try running this command again as root/Administrator.
76 verbose exit [ -13, true ]
77 verbose unbuild lib/node_modules/grunt
78 silly gentlyRm /usr/local/lib/node_modules/grunt is being purged from base /usr/local
79 verbose gentlyRm don't care about contents; nuking /usr/local/lib/node_modules/grunt
